%!Adobe-FontList 1.14
%Locale:0x404

%BeginFont
Handler:DirectoryHandler
FontType:Invalid
OutlineFileName:C:\Users\vic\Desktop\HTML5+CSS+jQuery\EmptySite1\Font\sirus.eot
FileModTime:1357104960
%EndFont

%BeginFont
Handler:DirectoryHandler
FontType:Invalid
OutlineFileName:C:\Users\vic\Desktop\HTML5+CSS+jQuery\EmptySite1\Font\sirus.svg
FileModTime:1357104960
%EndFont

%BeginFont
Handler:DirectoryHandler
FontType:TrueType
FontName:sirus
FamilyName:sirus
StyleName:Medium
FullName:sirus
MenuName:sirus
StyleBits:0
WritingScript:Roman
OutlineFileName:C:\Users\vic\Desktop\HTML5+CSS+jQuery\EmptySite1\Font\sirus.ttf
DataFormat:sfntData
FileLength:5092
FileModTime:1357104960
WeightClass:500
WidthClass:5
AngleClass:0
%EndFont

%BeginFont
Handler:DirectoryHandler
FontType:Invalid
OutlineFileName:C:\Users\vic\Desktop\HTML5+CSS+jQuery\EmptySite1\Font\sirus.woff
FileModTime:1357104960
%EndFont

